#
# There is insufficient memory for the Java Runtime Environment to continue.
# Native memory allocation (malloc) failed to allocate 1249856 bytes for Chunk::new
# Possible reasons:
#   The system is out of physical RAM or swap space
#   In 32 bit mode, the process size limit was hit
# Possible solutions:
#   Reduce memory load on the system
#   Increase physical memory or swap space
#   Check if swap backing store is full
#   Use 64 bit Java on a 64 bit OS
#   Decrease Java heap size (-Xmx/-Xms)
#   Decrease number of Java threads
#   Decrease Java thread stack sizes (-Xss)
#   Set larger code cache with -XX:ReservedCodeCacheSize=
# This output file may be truncated or incomplete.
#
#  Out of Memory Error (allocation.cpp:390), pid=11652, tid=0x000000000000242c
#
# JRE version: OpenJDK Runtime Environment (8.0_112-b06) (build 1.8.0_112-release-b06)
# Java VM: OpenJDK 64-Bit Server VM (25.112-b06 mixed mode windows-amd64 compressed oops)
# Failed to write core dump. Minidumps are not enabled by default on client versions of Windows
#

---------------  T H R E A D  ---------------

Current thread (0x0000000015c78800):  JavaThread "C2 CompilerThread0" daemon [_thread_in_native, id=9260, stack(0x0000000016cc0000,0x0000000016dc0000)]

Stack: [0x0000000016cc0000,0x0000000016dc0000]
[error occurred during error reporting (printing stack bounds), id 0xc0000005]

Native frames: (J=compiled Java code, j=interpreted, Vv=VM code, C=native code)


Current CompileTask:
C2:1837339 13010   !   4       org.codehaus.groovy.runtime.metaclass.ClosureMetaClass::invokeMethod (892 bytes)


---------------  P R O C E S S  ---------------

Java Threads: ( => current thread )
  0x000000001b702800 JavaThread "Stdin handler" [_thread_blocked, id=13896, stack(0x0000000025450000,0x0000000025550000)]
  0x000000001b6fb000 JavaThread "Asynchronous log dispatcher for DefaultDaemonConnection: socket connection from /127.0.0.1:59937 to /127.0.0.1:60303" [_thread_blocked, id=6084, stack(0x0000000025350000,0x0000000025450000)]
  0x000000001b700800 JavaThread "Daemon worker Thread 5" [_thread_in_native, id=11520, stack(0x0000000025250000,0x0000000025350000)]
  0x000000001b6fd800 JavaThread "Cancel handler" [_thread_blocked, id=9588, stack(0x0000000025150000,0x0000000025250000)]
  0x000000001b702000 JavaThread "Handler for socket connection from /127.0.0.1:59937 to /127.0.0.1:60303" [_thread_in_native, id=4444, stack(0x0000000025050000,0x0000000025150000)]
  0x000000001b6fc800 JavaThread "Daemon Thread 5" [_thread_blocked, id=8096, stack(0x0000000024f50000,0x0000000025050000)]
  0x000000001b706800 JavaThread "stdout" daemon [_thread_in_native, id=13792, stack(0x0000000023650000,0x0000000023750000)]
  0x000000001b704000 JavaThread "stderr" daemon [_thread_in_native, id=5080, stack(0x0000000023550000,0x0000000023650000)]
  0x000000001a32d800 JavaThread "File lock request listener" [_thread_in_native, id=7752, stack(0x000000001afa0000,0x000000001b0a0000)]
  0x00000000178a3000 JavaThread "pool-1-thread-1" [_thread_blocked, id=3388, stack(0x00000000196d0000,0x00000000197d0000)]
  0x0000000017a89000 JavaThread "Incoming local TCP Connector on port 59937" [_thread_in_native, id=14084, stack(0x00000000174c0000,0x00000000175c0000)]
  0x0000000015cd6000 JavaThread "Service Thread" daemon [_thread_blocked, id=11176, stack(0x0000000016ec0000,0x0000000016fc0000)]
  0x0000000015cc8000 JavaThread "C1 CompilerThread1" daemon [_thread_blocked, id=8900, stack(0x0000000016dc0000,0x0000000016ec0000)]
=>0x0000000015c78800 JavaThread "C2 CompilerThread0" daemon [_thread_in_native, id=9260, stack(0x0000000016cc0000,0x0000000016dc0000)]
  0x0000000015c77000 JavaThread "Attach Listener" daemon [_thread_blocked, id=12984, stack(0x0000000016bc0000,0x0000000016cc0000)]
  0x0000000015c73800 JavaThread "Signal Dispatcher" daemon [_thread_blocked, id=14124, stack(0x0000000016ac0000,0x0000000016bc0000)]
  0x0000000015c5e000 JavaThread "Finalizer" daemon [_thread_blocked, id=2932, stack(0x00000000168c0000,0x00000000169c0000)]
  0x0000000015c34800 JavaThread "Reference Handler" daemon [_thread_blocked, id=9708, stack(0x00000000167c0000,0x00000000168c0000)]
  0x0000000002450800 JavaThread "main" [_thread_blocked, id=12764, stack(0x0000000002350000,0x0000000002450000)]

Other Threads:
  0x0000000015c2b000 VMThread [stack: 0x00000000166c0000,0x00000000167c0000] [id=8048]
  0x0000000015cd8800 WatcherThread [stack: 0x0000000016fc0000,0x00000000170c0000] [id=9424]

VM state:not at safepoint (normal execution)

VM Mutex/Monitor currently owned by a thread: None

Heap:
 PSYoungGen      total 374272K, used 189103K [0x00000000e0000000, 0x00000000ff180000, 0x0000000100000000)
  eden space 349184K, 46% used [0x00000000e0000000,0x00000000ea0337f0,0x00000000f5500000)
  from space 25088K, 99% used [0x00000000f5500000,0x00000000f6d784a0,0x00000000f6d80000)
  to   space 35328K, 0% used [0x00000000fcf00000,0x00000000fcf00000,0x00000000ff180000)
 ParOldGen       total 100352K, used 64581K [0x00000000a0000000, 0x00000000a6200000, 0x00000000e0000000)
  object space 100352K, 64% used [0x00000000a0000000,0x00000000a3f117b8,0x00000000a6200000)
 Metaspace       used 64811K, capacity 68150K, committed 68352K, reserved 1107968K
  class space    used 8512K, capacity 9113K, committed 9216K, reserved 1048576K

Card table byte_map: [0x0000000011910000,0x0000000011c20000] byte_map_base: 0x0000000011410000

Marking Bits: (ParMarkBitMap*) 0x000000005a1c18f0
 Begin Bits: [0x0000000012020000, 0x0000000013820000)
 End Bits:   [0x0000000013820000, 0x0000000015020000)

Polling page: 0x00000000003e0000

CodeCache: size=245760Kb used=36437Kb max_used=37808Kb free=209322Kb
 bounds [0x0000000002550000, 0x0000000004ab0000, 0x0000000011550000]
 total_blobs=11318 nmethods=10524 adapters=706
 compilation: enabled

Compilation events (10 events):
Event: 1836.368 Thread 0x0000000015cc8000 13029       3       org.jetbrains.plugins.gradle.tooling.internal.ClasspathEntryModelImpl::<init> (20 bytes)
Event: 1836.369 Thread 0x0000000015cc8000 nmethod 13029 0x00000000048ace90 code [0x00000000048acfe0, 0x00000000048ad1d0]
Event: 1836.371 Thread 0x0000000015cc8000 13030       1       org.gradle.tooling.internal.consumer.versioning.ModelMapping$DefaultModelIdentifier::getName (5 bytes)
Event: 1836.372 Thread 0x0000000015cc8000 nmethod 13030 0x00000000030dd1d0 code [0x00000000030dd320, 0x00000000030dd430]
Event: 1836.373 Thread 0x0000000015cc8000 13031   !   3       org.gradle.initialization.DefaultBuildCancellationToken::isCancellationRequested (19 bytes)
Event: 1836.373 Thread 0x0000000015cc8000 nmethod 13031 0x0000000002c43050 code [0x0000000002c431a0, 0x0000000002c43490]
Event: 1836.375 Thread 0x0000000015cc8000 13032       3       org.gradle.api.internal.project.DefaultProject_Decorated::getProjectRegistry (31 bytes)
Event: 1836.376 Thread 0x0000000015cc8000 nmethod 13032 0x00000000048df610 code [0x00000000048df7a0, 0x00000000048dfc68]
Event: 1836.378 Thread 0x0000000015cc8000 13033       1       org.gradle.tooling.internal.adapter.ProtocolToModelAdapter$ViewGraphDetails::access$500 (5 bytes)
Event: 1836.379 Thread 0x0000000015cc8000 nmethod 13033 0x0000000003ed7d10 code [0x0000000003ed7e60, 0x0000000003ed7f50]

GC Heap History (10 events):
Event: 269.986 GC heap before
{Heap before GC invocations=14 (full 2):
 PSYoungGen      total 223232K, used 123014K [0x00000000e0000000, 0x00000000f3f00000, 0x0000000100000000)
  eden space 206848K, 51% used [0x00000000e0000000,0x00000000e6821d38,0x00000000eca00000)
  from space 16384K, 99% used [0x00000000eca00000,0x00000000ed9ffb80,0x00000000eda00000)
  to   space 25088K, 0% used [0x00000000f2680000,0x00000000f2680000,0x00000000f3f00000)
 ParOldGen       total 48640K, used 33063K [0x00000000a0000000, 0x00000000a2f80000, 0x00000000e0000000)
  object space 48640K, 67% used [0x00000000a0000000,0x00000000a2049f08,0x00000000a2f80000)
 Metaspace       used 56584K, capacity 58908K, committed 59028K, reserved 1099776K
  class space    used 7607K, capacity 8087K, committed 8192K, reserved 1048576K
Event: 270.262 GC heap after
Heap after GC invocations=14 (full 2):
 PSYoungGen      total 294400K, used 6128K [0x00000000e0000000, 0x00000000f3b00000, 0x0000000100000000)
  eden space 273408K, 0% used [0x00000000e0000000,0x00000000e0000000,0x00000000f0b00000)
  from space 20992K, 29% used [0x00000000f2680000,0x00000000f2c7c030,0x00000000f3b00000)
  to   space 24576K, 0% used [0x00000000f0b00000,0x00000000f0b00000,0x00000000f2300000)
 ParOldGen       total 49664K, used 49467K [0x00000000a0000000, 0x00000000a3080000, 0x00000000e0000000)
  object space 49664K, 99% used [0x00000000a0000000,0x00000000a304ed00,0x00000000a3080000)
 Metaspace       used 56584K, capacity 58908K, committed 59028K, reserved 1099776K
  class space    used 7607K, capacity 8087K, committed 8192K, reserved 1048576K
}
Event: 270.262 GC heap before
{Heap before GC invocations=15 (full 3):
 PSYoungGen      total 294400K, used 6128K [0x00000000e0000000, 0x00000000f3b00000, 0x0000000100000000)
  eden space 273408K, 0% used [0x00000000e0000000,0x00000000e0000000,0x00000000f0b00000)
  from space 20992K, 29% used [0x00000000f2680000,0x00000000f2c7c030,0x00000000f3b00000)
  to   space 24576K, 0% used [0x00000000f0b00000,0x00000000f0b00000,0x00000000f2300000)
 ParOldGen       total 49664K, used 49467K [0x00000000a0000000, 0x00000000a3080000, 0x00000000e0000000)
  object space 49664K, 99% used [0x00000000a0000000,0x00000000a304ed00,0x00000000a3080000)
 Metaspace       used 56584K, capacity 58908K, committed 59028K, reserved 1099776K
  class space    used 7607K, capacity 8087K, committed 8192K, reserved 1048576K
Event: 272.530 GC heap after
Heap after GC invocations=15 (full 3):
 PSYoungGen      total 294400K, used 0K [0x00000000e0000000, 0x00000000f3b00000, 0x0000000100000000)
  eden space 273408K, 0% used [0x00000000e0000000,0x00000000e0000000,0x00000000f0b00000)
  from space 20992K, 0% used [0x00000000f2680000,0x00000000f2680000,0x00000000f3b00000)
  to   space 24576K, 0% used [0x00000000f0b00000,0x00000000f0b00000,0x00000000f2300000)
 ParOldGen       total 100352K, used 48592K [0x00000000a0000000, 0x00000000a6200000, 0x00000000e0000000)
  object space 100352K, 48% used [0x00000000a0000000,0x00000000a2f743b8,0x00000000a6200000)
 Metaspace       used 56584K, capacity 58908K, committed 59028K, reserved 1099776K
  class space    used 7607K, capacity 8087K, committed 8192K, reserved 1048576K
}
Event: 825.880 GC heap before
{Heap before GC invocations=16 (full 3):
 PSYoungGen      total 294400K, used 273408K [0x00000000e0000000, 0x00000000f3b00000, 0x0000000100000000)
  eden space 273408K, 100% used [0x00000000e0000000,0x00000000f0b00000,0x00000000f0b00000)
  from space 20992K, 0% used [0x00000000f2680000,0x00000000f2680000,0x00000000f3b00000)
  to   space 24576K, 0% used [0x00000000f0b00000,0x00000000f0b00000,0x00000000f2300000)
 ParOldGen       total 100352K, used 48592K [0x00000000a0000000, 0x00000000a6200000, 0x00000000e0000000)
  object space 100352K, 48% used [0x00000000a0000000,0x00000000a2f743b8,0x00000000a6200000)
 Metaspace       used 57920K, capacity 60648K, committed 60800K, reserved 1101824K
  class space    used 7730K, capacity 8276K, committed 8320K, reserved 1048576K
Event: 826.303 GC heap after
Heap after GC invocations=16 (full 3):
 PSYoungGen      total 297984K, used 4592K [0x00000000e0000000, 0x00000000f8500000, 0x0000000100000000)
  eden space 273408K, 0% used [0x00000000e0000000,0x00000000e0000000,0x00000000f0b00000)
  from space 24576K, 18% used [0x00000000f0b00000,0x00000000f0f7c010,0x00000000f2300000)
  to   space 24064K, 0% used [0x00000000f6d80000,0x00000000f6d80000,0x00000000f8500000)
 ParOldGen       total 100352K, used 48600K [0x00000000a0000000, 0x00000000a6200000, 0x00000000e0000000)
  object space 100352K, 48% used [0x00000000a0000000,0x00000000a2f763b8,0x00000000a6200000)
 Metaspace       used 57920K, capacity 60648K, committed 60800K, reserved 1101824K
  class space    used 7730K, capacity 8276K, committed 8320K, reserved 1048576K
}
Event: 1044.241 GC heap before
{Heap before GC invocations=17 (full 3):
 PSYoungGen      total 297984K, used 278000K [0x00000000e0000000, 0x00000000f8500000, 0x0000000100000000)
  eden space 273408K, 100% used [0x00000000e0000000,0x00000000f0b00000,0x00000000f0b00000)
  from space 24576K, 18% used [0x00000000f0b00000,0x00000000f0f7c010,0x00000000f2300000)
  to   space 24064K, 0% used [0x00000000f6d80000,0x00000000f6d80000,0x00000000f8500000)
 ParOldGen       total 100352K, used 48600K [0x00000000a0000000, 0x00000000a6200000, 0x00000000e0000000)
  object space 100352K, 48% used [0x00000000a0000000,0x00000000a2f763b8,0x00000000a6200000)
 Metaspace       used 62297K, capacity 65380K, committed 65536K, reserved 1105920K
  class space    used 8253K, capacity 8845K, committed 8960K, reserved 1048576K
Event: 1046.793 GC heap after
Heap after GC invocations=17 (full 3):
 PSYoungGen      total 373248K, used 16643K [0x00000000e0000000, 0x00000000f8680000, 0x0000000100000000)
  eden space 349184K, 0% used [0x00000000e0000000,0x00000000e0000000,0x00000000f5500000)
  from space 24064K, 69% used [0x00000000f6d80000,0x00000000f7dc0ef0,0x00000000f8500000)
  to   space 25088K, 0% used [0x00000000f5500000,0x00000000f5500000,0x00000000f6d80000)
 ParOldGen       total 100352K, used 48608K [0x00000000a0000000, 0x00000000a6200000, 0x00000000e0000000)
  object space 100352K, 48% used [0x00000000a0000000,0x00000000a2f783b8,0x00000000a6200000)
 Metaspace       used 62297K, capacity 65380K, committed 65536K, reserved 1105920K
  class space    used 8253K, capacity 8845K, committed 8960K, reserved 1048576K
}
Event: 1232.041 GC heap before
{Heap before GC invocations=18 (full 3):
 PSYoungGen      total 373248K, used 365827K [0x00000000e0000000, 0x00000000f8680000, 0x0000000100000000)
  eden space 349184K, 100% used [0x00000000e0000000,0x00000000f5500000,0x00000000f5500000)
  from space 24064K, 69% used [0x00000000f6d80000,0x00000000f7dc0ef0,0x00000000f8500000)
  to   space 25088K, 0% used [0x00000000f5500000,0x00000000f5500000,0x00000000f6d80000)
 ParOldGen       total 100352K, used 48608K [0x00000000a0000000, 0x00000000a6200000, 0x00000000e0000000)
  object space 100352K, 48% used [0x00000000a0000000,0x00000000a2f783b8,0x00000000a6200000)
 Metaspace       used 64529K, capacity 67726K, committed 67968K, reserved 1107968K
  class space    used 8475K, capacity 9070K, committed 9088K, reserved 1048576K
Event: 1232.974 GC heap after
Heap after GC invocations=18 (full 3):
 PSYoungGen      total 374272K, used 25057K [0x00000000e0000000, 0x00000000ff180000, 0x0000000100000000)
  eden space 349184K, 0% used [0x00000000e0000000,0x00000000e0000000,0x00000000f5500000)
  from space 25088K, 99% used [0x00000000f5500000,0x00000000f6d784a0,0x00000000f6d80000)
  to   space 35328K, 0% used [0x00000000fcf00000,0x00000000fcf00000,0x00000000ff180000)
 ParOldGen       total 100352K, used 64581K [0x00000000a0000000, 0x00000000a6200000, 0x00000000e0000000)
  object space 100352K, 64% used [0x00000000a0000000,0x00000000a3f117b8,0x00000000a6200000)
 Metaspace       used 64529K, capacity 67726K, committed 67968K, reserved 1107968K
  class space    used 8475K, capacity 9070K, committed 9088K, reserved 1048576K
}

Deoptimization events (10 events):
Event: 1237.119 Thread 0x000000001a329800 Uncommon trap: reason=class_check action=maybe_recompile pc=0x0000000003e3b0fc method=java.util.concurrent.locks.ReentrantLock.lock()V @ 4
Event: 1824.309 Thread 0x000000001b700800 Uncommon trap: reason=class_check action=maybe_recompile pc=0x000000000463fba8 method=com.google.common.collect.AbstractMapBasedMultimap.iteratorOrListIterator(Ljava/util/Collection;)Ljava/util/Iterator; @ 1
Event: 1824.312 Thread 0x000000001b700800 Uncommon trap: reason=class_check action=maybe_recompile pc=0x0000000004689ff8 method=com.google.common.collect.AbstractMapBasedMultimap$WrappedCollection.size()I @ 8
Event: 1824.313 Thread 0x000000001b700800 Uncommon trap: reason=class_check action=maybe_recompile pc=0x000000000463ed54 method=com.google.common.collect.AbstractMapBasedMultimap$WrappedCollection$WrappedIterator.hasNext()Z @ 8
Event: 1824.313 Thread 0x000000001b700800 Uncommon trap: reason=class_check action=maybe_recompile pc=0x000000000465654c method=com.google.common.collect.AbstractMapBasedMultimap$WrappedCollection$WrappedIterator.next()Ljava/lang/Object; @ 8
Event: 1824.314 Thread 0x000000001b700800 Uncommon trap: reason=class_check action=maybe_recompile pc=0x000000000463ed54 method=com.google.common.collect.AbstractMapBasedMultimap$WrappedCollection$WrappedIterator.hasNext()Z @ 8
Event: 1824.739 Thread 0x000000001b700800 Uncommon trap: reason=class_check action=maybe_recompile pc=0x00000000041d3638 method=com.google.common.cache.LocalCache$Segment.getLiveValue(Lcom/google/common/cache/LocalCache$ReferenceEntry;J)Ljava/lang/Object; @ 21
Event: 1825.458 Thread 0x000000001b700800 Uncommon trap: reason=class_check action=maybe_recompile pc=0x00000000029bb4b8 method=java.util.zip.InflaterInputStream.read([BII)I @ 100
Event: 1825.489 Thread 0x000000001b700800 Uncommon trap: reason=class_check action=maybe_recompile pc=0x00000000029bb4b8 method=java.util.zip.InflaterInputStream.read([BII)I @ 100
Event: 1833.659 Thread 0x000000001b700800 Uncommon trap: reason=class_check action=maybe_recompile pc=0x0000000002abf19c method=java.util.regex.Pattern$BnM.match(Ljava/util/regex/Matcher;ILjava/lang/CharSequence;)Z @ 111

Internal exceptions (10 events):
Event: 1824.244 Thread 0x000000001b700800 Exception <a 'sun/nio/fs/WindowsException'> (0x00000000e861b8d0) thrown at [C:\src\android\AOSP-openjdk\external\jetbrains\jdk\hotspot\src\share\vm\prims\jni.cpp, line 709]
Event: 1824.249 Thread 0x000000001b700800 Exception <a 'sun/nio/fs/WindowsException'> (0x00000000e861e8e8) thrown at [C:\src\android\AOSP-openjdk\external\jetbrains\jdk\hotspot\src\share\vm\prims\jni.cpp, line 709]
Event: 1824.252 Thread 0x000000001b700800 Exception <a 'sun/nio/fs/WindowsException'> (0x00000000e861f408) thrown at [C:\src\android\AOSP-openjdk\external\jetbrains\jdk\hotspot\src\share\vm\prims\jni.cpp, line 709]
Event: 1824.253 Thread 0x000000001b700800 Exception <a 'sun/nio/fs/WindowsException'> (0x00000000e8621390) thrown at [C:\src\android\AOSP-openjdk\external\jetbrains\jdk\hotspot\src\share\vm\prims\jni.cpp, line 709]
Event: 1824.253 Thread 0x000000001b700800 Exception <a 'sun/nio/fs/WindowsException'> (0x00000000e8621ec0) thrown at [C:\src\android\AOSP-openjdk\external\jetbrains\jdk\hotspot\src\share\vm\prims\jni.cpp, line 709]
Event: 1824.255 Thread 0x000000001b700800 Exception <a 'sun/nio/fs/WindowsException'> (0x00000000e8624fc8) thrown at [C:\src\android\AOSP-openjdk\external\jetbrains\jdk\hotspot\src\share\vm\prims\jni.cpp, line 709]
Event: 1824.255 Thread 0x000000001b700800 Exception <a 'sun/nio/fs/WindowsException'> (0x00000000e8625af8) thrown at [C:\src\android\AOSP-openjdk\external\jetbrains\jdk\hotspot\src\share\vm\prims\jni.cpp, line 709]
Event: 1824.255 Thread 0x000000001b700800 Exception <a 'sun/nio/fs/WindowsException'> (0x00000000e8627aa8) thrown at [C:\src\android\AOSP-openjdk\external\jetbrains\jdk\hotspot\src\share\vm\prims\jni.cpp, line 709]
Event: 1824.256 Thread 0x000000001b700800 Exception <a 'sun/nio/fs/WindowsException'> (0x00000000e86285f8) thrown at [C:\src\android\AOSP-openjdk\external\jetbrains\jdk\hotspot\src\share\vm\prims\jni.cpp, line 709]
Event: 1824.257 Thread 0x000000001b700800 Exception <a 'sun/nio/fs/WindowsException'> (0x00000000e862b6b0) thrown at [C:\src\android\AOSP-openjdk\external\jetbrains\jdk\hotspot\src\share\vm\prims\jni.cpp, line 709]

Events (10 events):
Event: 1828.331 Thread 0x0000000015cc8000 flushing nmethod 0x0000000002993c50
Event: 1828.332 Thread 0x0000000015cc8000 flushing nmethod 0x0000000002a27150
Event: 1828.373 Thread 0x0000000015c78800 flushing nmethod 0x0000000002ce2b50
Event: 1828.373 Thread 0x0000000015c78800 flushing nmethod 0x0000000002ce3010
Event: 1828.505 Thread 0x0000000015cc8000 flushing nmethod 0x00000000043be3d0
Event: 1828.807 Thread 0x0000000015cc8000 flushing nmethod 0x000000000464ae90
Event: 1828.824 Thread 0x0000000015cc8000 flushing nmethod 0x000000000470e410
Event: 1833.659 Thread 0x000000001b700800 Uncommon trap: trap_request=0xffffffde fr.pc=0x0000000002abf19c
Event: 1833.659 Thread 0x000000001b700800 DEOPT PACKING pc=0x0000000002abf19c sp=0x000000002534d670
Event: 1833.659 Thread 0x000000001b700800 DEOPT UNPACKING pc=0x000000000259556a sp=0x000000002534d540 mode 2


Dynamic libraries:
0x00007ff7b1340000 - 0x00007ff7b1371000 	C:\Program Files\Android\Android Studio\jre\bin\java.exe
0x00007fff9c4d0000 - 0x00007fff9c6a2000 	C:\WINDOWS\SYSTEM32\ntdll.dll
0x00007fff9a920000 - 0x00007fff9a9cc000 	C:\WINDOWS\System32\KERNEL32.DLL
0x00007fff99330000 - 0x00007fff9954d000 	C:\WINDOWS\System32\KERNELBASE.dll
0x00007fff9a7e0000 - 0x00007fff9a882000 	C:\WINDOWS\System32\ADVAPI32.dll
0x00007fff9a110000 - 0x00007fff9a1ae000 	C:\WINDOWS\System32\msvcrt.dll
0x00007fff9c470000 - 0x00007fff9c4c9000 	C:\WINDOWS\System32\sechost.dll
0x00007fff99fa0000 - 0x00007fff9a0c1000 	C:\WINDOWS\System32\RPCRT4.dll
0x00007fff99c60000 - 0x00007fff99dc5000 	C:\WINDOWS\System32\USER32.dll
0x00007fff99770000 - 0x00007fff9978e000 	C:\WINDOWS\System32\win32u.dll
0x00007fff9ab10000 - 0x00007fff9ab44000 	C:\WINDOWS\System32\GDI32.dll
0x00007fff99790000 - 0x00007fff99910000 	C:\WINDOWS\System32\gdi32full.dll
0x00007fff8e690000 - 0x00007fff8e90a000 	C:\WINDOWS\WinSxS\amd64_microsoft.windows.common-controls_6595b64144ccf1df_6.0.14393.953_none_42151e83c686086b\COMCTL32.dll
0x00007fff9ac90000 - 0x00007fff9af58000 	C:\WINDOWS\System32\combase.dll
0x00007fff98b50000 - 0x00007fff98c45000 	C:\WINDOWS\System32\ucrtbase.dll
0x00007fff98ae0000 - 0x00007fff98b4a000 	C:\WINDOWS\System32\bcryptPrimitives.dll
0x00007fff9a0d0000 - 0x00007fff9a0fe000 	C:\WINDOWS\System32\IMM32.DLL
0x0000000059920000 - 0x00000000599f2000 	C:\Program Files\Android\Android Studio\jre\jre\bin\msvcr100.dll
0x0000000059a00000 - 0x000000005a23c000 	C:\Program Files\Android\Android Studio\jre\jre\bin\server\jvm.dll
0x00007fff9a100000 - 0x00007fff9a108000 	C:\WINDOWS\System32\PSAPI.DLL
0x00007fff93780000 - 0x00007fff93789000 	C:\WINDOWS\SYSTEM32\WSOCK32.dll
0x00007fff9a9d0000 - 0x00007fff9aa3a000 	C:\WINDOWS\System32\WS2_32.dll
0x00007fff96cb0000 - 0x00007fff96cd3000 	C:\WINDOWS\SYSTEM32\WINMM.dll
0x00007fff8dc70000 - 0x00007fff8dc7a000 	C:\WINDOWS\SYSTEM32\VERSION.dll
0x00007fff96a40000 - 0x00007fff96a6b000 	C:\WINDOWS\SYSTEM32\WINMMBASE.dll
0x00007fff99550000 - 0x00007fff99592000 	C:\WINDOWS\System32\cfgmgr32.dll
0x00007fff914d0000 - 0x00007fff914df000 	C:\Program Files\Android\Android Studio\jre\jre\bin\verify.dll
0x00007fff8a170000 - 0x00007fff8a199000 	C:\Program Files\Android\Android Studio\jre\jre\bin\java.dll
0x00007fff8a9a0000 - 0x00007fff8a9b6000 	C:\Program Files\Android\Android Studio\jre\jre\bin\zip.dll
0x00007fff9af60000 - 0x00007fff9c468000 	C:\WINDOWS\System32\SHELL32.dll
0x00007fff98c50000 - 0x00007fff9932a000 	C:\WINDOWS\System32\windows.storage.dll
0x00007fff98970000 - 0x00007fff989bc000 	C:\WINDOWS\System32\powrprof.dll
0x00007fff9a8a0000 - 0x00007fff9a8f2000 	C:\WINDOWS\System32\shlwapi.dll
0x00007fff98960000 - 0x00007fff9896f000 	C:\WINDOWS\System32\kernel.appcore.dll
0x00007fff989d0000 - 0x00007fff98a79000 	C:\WINDOWS\System32\shcore.dll
0x00007fff98940000 - 0x00007fff98954000 	C:\WINDOWS\System32\profapi.dll
0x00007fff8a870000 - 0x00007fff8a88a000 	C:\Program Files\Android\Android Studio\jre\jre\bin\net.dll
0x00007fff98210000 - 0x00007fff9826c000 	C:\WINDOWS\system32\mswsock.dll
0x00007fff8a420000 - 0x00007fff8a431000 	C:\Program Files\Android\Android Studio\jre\jre\bin\nio.dll
0x00007fff8a080000 - 0x00007fff8a09e000 	C:\Users\Paulina\.gradle\native\23\windows-amd64\native-platform.dll
0x00007fff983b0000 - 0x00007fff983c7000 	C:\WINDOWS\SYSTEM32\CRYPTSP.dll
0x00007fff97e10000 - 0x00007fff97e43000 	C:\WINDOWS\system32\rsaenh.dll
0x00007fff98880000 - 0x00007fff988ab000 	C:\WINDOWS\SYSTEM32\bcrypt.dll
0x00007fff98090000 - 0x00007fff980af000 	C:\WINDOWS\SYSTEM32\USERENV.dll
0x00007fff98870000 - 0x00007fff9887b000 	C:\WINDOWS\SYSTEM32\CRYPTBASE.dll
0x00007fff97f90000 - 0x00007fff97fc8000 	C:\WINDOWS\SYSTEM32\IPHLPAPI.DLL
0x00007fff9a890000 - 0x00007fff9a898000 	C:\WINDOWS\System32\NSI.dll
0x00007fff91d60000 - 0x00007fff91d76000 	C:\WINDOWS\SYSTEM32\dhcpcsvc6.DLL
0x00007fff92480000 - 0x00007fff9249a000 	C:\WINDOWS\SYSTEM32\dhcpcsvc.DLL
0x00007fff8fbd0000 - 0x00007fff8fbdd000 	C:\Program Files\Android\Android Studio\jre\jre\bin\management.dll
0x00007fff86cc0000 - 0x00007fff86ce4000 	C:\Program Files\Android\Android Studio\jre\jre\bin\sunec.dll
0x00007fff97fd0000 - 0x00007fff98071000 	C:\WINDOWS\SYSTEM32\DNSAPI.dll
0x000000005c5d0000 - 0x000000005c5f6000 	C:\Program Files\Bonjour\mdnsNSP.dll
0x00007fff87df0000 - 0x00007fff87dfa000 	C:\Windows\System32\rasadhlp.dll
0x00007fff8f280000 - 0x00007fff8f2ea000 	C:\WINDOWS\System32\fwpuclnt.dll
0x00007fff8baf0000 - 0x00007fff8bafb000 	C:\Program Files\Android\Android Studio\jre\jre\bin\sunmscapi.dll
0x00007fff995a0000 - 0x00007fff99769000 	C:\WINDOWS\System32\CRYPT32.dll
0x00007fff989c0000 - 0x00007fff989d0000 	C:\WINDOWS\System32\MSASN1.dll

VM Arguments:
jvm_args: -Xmx1536m -Dfile.encoding=windows-1252 -Duser.country=NL -Duser.language=nl -Duser.variant 
java_command: org.gradle.launcher.daemon.bootstrap.GradleDaemon 3.3
java_class_path (initial): C:\Users\Paulina\.gradle\wrapper\dists\gradle-3.3-all\55gk2rcmfc6p2dg9u9ohc3hw9\gradle-3.3\lib\gradle-launcher-3.3.jar
Launcher Type: SUN_STANDARD

Environment Variables:
PATH=C:\ProgramData\Oracle\Java\javapath;C:\Program Files\Broadcom\Broadcom 802.11 Network Adapter;C:\Program Files (x86)\Intel\TXE Components\TCS\;C:\Program Files\Intel\TXE Components\TCS\;C:\WINDOWS\system32;C:\WINDOWS;C:\WINDOWS\System32\Wbem;C:\WINDOWS\System32\WindowsPowerShell\v1.0\;C:\Program Files\Intel\TXE Components\DAL\;C:\Program Files (x86)\Intel\TXE Components\DAL\;C:\Program Files\Intel\TXE Components\IPT\;C:\Program Files (x86)\Intel\TXE Components\IPT\;C:\Users\Paulina\AppData\Local\Microsoft\WindowsApps;C:\adb;C:\Program Files (x86)\Skype\Phone\;C:\Program Files\Git\cmd;C:\Users\Paulina\AppData\Local\Microsoft\WindowsApps;
USERNAME=Paulina
OS=Windows_NT
PROCESSOR_IDENTIFIER=Intel64 Family 6 Model 76 Stepping 4, GenuineIntel



---------------  S Y S T E M  ---------------

OS: Windows 10.0 , 64 bit Build 14393 (10.0.14393.1198)

CPU:total 2 (2 cores per cpu, 1 threads per core) family 6 model 76 stepping 4, cmov, cx8, fxsr, mmx, sse, sse2, sse3, ssse3, sse4.1, sse4.2, popcnt, aes, clmul, erms, 3dnowpref, tsc, tscinvbit

Memory: 4k page, physical 4032784k(439292k free), swap 9117888k(5956k free)

vm_info: OpenJDK 64-Bit Server VM (25.112-b06) for windows-amd64 JRE (1.8.0_112-release-b06), built on Dec  8 2016 00:54:26 by "builder" with MS VC++ 10.0 (VS2010)

time: Sat Sep 09 15:41:14 2017
elapsed time: 1836 seconds (0d 0h 30m 36s)

